<?xml version="1.0" encoding="UTF-8"?>
<!-- Generated by org.testng.reporters.JUnitReportReporter -->
<testsuite skipped="0" hostname="LAPTOP-P4EEPPJ9" name="com.alg.mvnproject.test1" tests="1" failures="0" timestamp="12 Aug 2017 22:29:31 GMT" time="2.236" errors="0">
  <testcase name="test" time="2.236" classname="com.alg.mvnproject.test1"/>
</testsuite> <!-- com.alg.mvnproject.test1 -->
